Using pre-set license
Built from '2020.3/release' branch; Version is '2020.3.2f1 (8fd9074bf66c) revision 9427207'; Using compiler version '192528614'; Build Type 'Release'
OS: 'Windows 10 Pro; OS build 19041.928; Version 2004; 64bit' Language: 'en' Physical Memory: 8071 MB
BatchMode: 1, IsHumanControllingUs: 0, StartBugReporterOnCrash: 0, Is64bit: 1, IsPro: 0

 COMMAND LINE ARGUMENTS:
C:\Program Files\Unity\Hub\Editor\2020.3.2f1\Editor\Unity.exe
-adb2
-batchMode
-noUpm
-name
AssetImportWorker1
-projectPath
C:/Users/lenovo/Documents/unityS4/3DInitiation
-logFile
Logs/AssetImportWorker1.log
-srvPort
50029
Successfully changed project path to: C:/Users/lenovo/Documents/unityS4/3DInitiation
C:/Users/lenovo/Documents/unityS4/3DInitiation
Using Asset Import Pipeline V2.
Refreshing native plugins compatible for Editor in 58.52 ms, found 0 plugins.
Preloading 0 native plugins for Editor in 0.00 ms.
Initialize engine version: 2020.3.2f1 (8fd9074bf66c)
[Subsystems] Discovering subsystems at path C:/Program Files/Unity/Hub/Editor/2020.3.2f1/Editor/Data/Resources/UnitySubsystems
[Subsystems] Discovering subsystems at path C:/Users/lenovo/Documents/unityS4/3DInitiation/Assets
GfxDevice: creating device client; threaded=0
Direct3D:
    Version:  Direct3D 11.0 [level 11.1]
    Renderer: Microsoft Basic Render Driver (ID=0x8c)
    Vendor:   
    VRAM:     4035 MB
Initialize mono
Mono path[0] = 'C:/Program Files/Unity/Hub/Editor/2020.3.2f1/Editor/Data/Managed'
Mono path[1] = 'C:/Program Files/Unity/Hub/Editor/2020.3.2f1/Editor/Data/MonoBleedingEdge/lib/mono/unityjit'
Mono config path = 'C:/Program Files/Unity/Hub/Editor/2020.3.2f1/Editor/Data/MonoBleedingEdge/etc'
Using monoOptions --debugger-agent=transport=dt_socket,embedding=1,server=y,suspend=n,address=127.0.0.1:56964
Begin MonoManager ReloadAssembly
Registering precompiled unity dll's ...
Register platform support module: C:/Program Files/Unity/Hub/Editor/2020.3.2f1/Editor/Data/PlaybackEngines/WindowsStandaloneSupport/UnityEditor.WindowsStandalone.Extensions.dll
Registered in 0.005303 seconds.
Native extension for WindowsStandalone target not found
Refreshing native plugins compatible for Editor in 54.48 ms, found 0 plugins.
Preloading 0 native plugins for Editor in 0.00 ms.
Invoked RoslynAnalysisRunner static constructor.
RoslynAnalysisRunner will not be running.
RoslynAnalysisRunner has terminated.
Mono: successfully reloaded assembly
- Completed reload, in  5.858 seconds
Platform modules already initialized, skipping
Registering precompiled user dll's ...
Registered in 0.001614 seconds.
Begin MonoManager ReloadAssembly
Native extension for WindowsStandalone target not found
Refreshing native plugins compatible for Editor in 0.36 ms, found 0 plugins.
Preloading 0 native plugins for Editor in 0.00 ms.
Invoked RoslynAnalysisRunner static constructor.
RoslynAnalysisRunner will not be running.
RoslynAnalysisRunner has terminated.
Mono: successfully reloaded assembly
- Completed reload, in  4.462 seconds
Platform modules already initialized, skipping
========================================================================
Worker process is ready to serve import requests
Launched and connected shader compiler UnityShaderCompiler.exe after 0.07 seconds
Refreshing native plugins compatible for Editor in 0.24 ms, found 0 plugins.
Preloading 0 native plugins for Editor in 0.00 ms.
Unloading 1115 Unused Serialized files (Serialized files now loaded: 0)
System memory in use before: 57.1 MB.
System memory in use after: 57.1 MB.

Unloading 10 unused Assets to reduce memory usage. Loaded Objects now: 1557.
Total: 2.272300 ms (FindLiveObjects: 0.156900 ms CreateObjectMapping: 0.050000 ms MarkObjects: 1.965900 ms  DeleteObjects: 0.097600 ms)

========================================================================
Received Import Request.
  path: Assets/Scenes
  artifactKey: Guid(9dd3d367e6ab88f4e86f93e4c0401202) Importer(815301076,1909f56bfc062723c751e8b465ee728b)
Start importing Assets/Scenes using Guid(9dd3d367e6ab88f4e86f93e4c0401202) Importer(815301076,1909f56bfc062723c751e8b465ee728b)  -> (artifact id: '2eaf7be8e781949544948e76d26a46f9') in 0.025495 seconds
  Import took 0.030719 seconds .

========================================================================
Received Import Request.
  Time since last request: 115.138638 seconds.
  path: Assets/Materials
  artifactKey: Guid(c418dc3aef1116447a155ad0f6a03f3f) Importer(815301076,1909f56bfc062723c751e8b465ee728b)
Start importing Assets/Materials using Guid(c418dc3aef1116447a155ad0f6a03f3f) Importer(815301076,1909f56bfc062723c751e8b465ee728b)  -> (artifact id: '69c5bbdd26c7579dbdfb2f33ab5bd777') in 0.054163 seconds
  Import took 0.088848 seconds .

========================================================================
Received Import Request.
  Time since last request: 0.016787 seconds.
  path: Assets/Materials
  artifactKey: Guid(c418dc3aef1116447a155ad0f6a03f3f) Importer(815301076,1909f56bfc062723c751e8b465ee728b)
Start importing Assets/Materials using Guid(c418dc3aef1116447a155ad0f6a03f3f) Importer(815301076,1909f56bfc062723c751e8b465ee728b)  -> (artifact id: '69c5bbdd26c7579dbdfb2f33ab5bd777') in 0.029829 seconds
  Import took 0.060055 seconds .

========================================================================
Received Import Request.
  Time since last request: 64.173076 seconds.
  path: Assets/Materials/New Material.mat
  artifactKey: Guid(35f2bc89473b2a341b7cb7d37cdabc3e) Importer(815301076,1909f56bfc062723c751e8b465ee728b)
Start importing Assets/Materials/New Material.mat using Guid(35f2bc89473b2a341b7cb7d37cdabc3e) Importer(815301076,1909f56bfc062723c751e8b465ee728b)  -> (artifact id: '217af5dbf4bc52900243a6de446b42e1') in 0.400301 seconds
  Import took 0.406291 seconds .

========================================================================
Received Import Request.
  Time since last request: 145.107728 seconds.
  path: Assets/Materials/New Material.mat
  artifactKey: Guid(35f2bc89473b2a341b7cb7d37cdabc3e) Importer(815301076,1909f56bfc062723c751e8b465ee728b)
Start importing Assets/Materials/New Material.mat using Guid(35f2bc89473b2a341b7cb7d37cdabc3e) Importer(815301076,1909f56bfc062723c751e8b465ee728b)  -> (artifact id: '15870ed165d80d7dfae3bf9b66e4ba31') in 0.101822 seconds
  Import took 0.125773 seconds .

========================================================================
Received Import Request.
  Time since last request: 53.159191 seconds.
  path: Assets/Scripts
  artifactKey: Guid(ca0266f84bf245a4fac4d0e7fd7f85ce) Importer(815301076,1909f56bfc062723c751e8b465ee728b)
Start importing Assets/Scripts using Guid(ca0266f84bf245a4fac4d0e7fd7f85ce) Importer(815301076,1909f56bfc062723c751e8b465ee728b)  -> (artifact id: 'adaa16fcaadfd805d243d112a36ff58b') in 0.094417 seconds
  Import took 0.145080 seconds .

========================================================================
Received Import Request.
  Time since last request: 16.263106 seconds.
  path: Assets/Scripts/playerController.cs
  artifactKey: Guid(9c3e1c27792517041b9bf318b28bc5e1) Importer(815301076,1909f56bfc062723c751e8b465ee728b)
Start importing Assets/Scripts/playerController.cs using Guid(9c3e1c27792517041b9bf318b28bc5e1) Importer(815301076,1909f56bfc062723c751e8b465ee728b)  -> (artifact id: '8b701792727ce6b4bc40698f03d2ba9e') in 0.026974 seconds
  Import took 0.033394 seconds .

========================================================================
Received Prepare
Registering precompiled user dll's ...
Registered in 0.000870 seconds.
Begin MonoManager ReloadAssembly
Native extension for WindowsStandalone target not found
Refreshing native plugins compatible for Editor in 0.34 ms, found 0 plugins.
Preloading 0 native plugins for Editor in 0.00 ms.
Invoked RoslynAnalysisRunner static constructor.
RoslynAnalysisRunner will not be running.
RoslynAnalysisRunner has terminated.
Mono: successfully reloaded assembly
- Completed reload, in  1.881 seconds
Platform modules already initialized, skipping
Refreshing native plugins compatible for Editor in 0.31 ms, found 0 plugins.
Preloading 0 native plugins for Editor in 0.00 ms.
Unloading 1111 Unused Serialized files (Serialized files now loaded: 0)
System memory in use before: 60.4 MB.
System memory in use after: 60.4 MB.

Unloading 5 unused Assets to reduce memory usage. Loaded Objects now: 1601.
Total: 3.703400 ms (FindLiveObjects: 0.335300 ms CreateObjectMapping: 0.133400 ms MarkObjects: 3.124600 ms  DeleteObjects: 0.107700 ms)

========================================================================
Received Import Request.
  Time since last request: 247.272640 seconds.
  path: Assets/Scripts/playerController.cs
  artifactKey: Guid(9c3e1c27792517041b9bf318b28bc5e1) Importer(815301076,1909f56bfc062723c751e8b465ee728b)
Start importing Assets/Scripts/playerController.cs using Guid(9c3e1c27792517041b9bf318b28bc5e1) Importer(815301076,1909f56bfc062723c751e8b465ee728b)  -> (artifact id: '5a254266ced1408fa580e3748c12cc48') in 0.014814 seconds
  Import took 0.019582 seconds .

========================================================================
Received Prepare
Registering precompiled user dll's ...
Registered in 0.001503 seconds.
Begin MonoManager ReloadAssembly
Native extension for WindowsStandalone target not found
Refreshing native plugins compatible for Editor in 0.22 ms, found 0 plugins.
Preloading 0 native plugins for Editor in 0.00 ms.
Invoked RoslynAnalysisRunner static constructor.
RoslynAnalysisRunner will not be running.
RoslynAnalysisRunner has terminated.
Mono: successfully reloaded assembly
- Completed reload, in  1.705 seconds
Platform modules already initialized, skipping
Refreshing native plugins compatible for Editor in 0.28 ms, found 0 plugins.
Preloading 0 native plugins for Editor in 0.00 ms.
Unloading 1111 Unused Serialized files (Serialized files now loaded: 0)
System memory in use before: 60.4 MB.
System memory in use after: 60.5 MB.

Unloading 5 unused Assets to reduce memory usage. Loaded Objects now: 1604.
Total: 3.646600 ms (FindLiveObjects: 0.380500 ms CreateObjectMapping: 0.092100 ms MarkObjects: 3.073400 ms  DeleteObjects: 0.097600 ms)

========================================================================
Received Import Request.
  Time since last request: 32.589615 seconds.
  path: Assets/Scripts/playerController.cs
  artifactKey: Guid(9c3e1c27792517041b9bf318b28bc5e1) Importer(815301076,1909f56bfc062723c751e8b465ee728b)
Start importing Assets/Scripts/playerController.cs using Guid(9c3e1c27792517041b9bf318b28bc5e1) Importer(815301076,1909f56bfc062723c751e8b465ee728b)  -> (artifact id: 'c09255ee189ac3ccf9b368c246c40cc1') in 0.011067 seconds
  Import took 0.022643 seconds .

========================================================================
Received Prepare
Registering precompiled user dll's ...
Registered in 0.001422 seconds.
Begin MonoManager ReloadAssembly
Native extension for WindowsStandalone target not found
Refreshing native plugins compatible for Editor in 0.31 ms, found 0 plugins.
Preloading 0 native plugins for Editor in 0.00 ms.
Invoked RoslynAnalysisRunner static constructor.
RoslynAnalysisRunner will not be running.
RoslynAnalysisRunner has terminated.
Mono: successfully reloaded assembly
- Completed reload, in  1.886 seconds
Platform modules already initialized, skipping
Refreshing native plugins compatible for Editor in 0.33 ms, found 0 plugins.
Preloading 0 native plugins for Editor in 0.00 ms.
Unloading 1111 Unused Serialized files (Serialized files now loaded: 0)
System memory in use before: 60.4 MB.
System memory in use after: 60.5 MB.

Unloading 5 unused Assets to reduce memory usage. Loaded Objects now: 1607.
Total: 3.701600 ms (FindLiveObjects: 0.285400 ms CreateObjectMapping: 0.111200 ms MarkObjects: 3.159800 ms  DeleteObjects: 0.126500 ms)

========================================================================
Received Prepare
Registering precompiled user dll's ...
Registered in 0.000878 seconds.
Begin MonoManager ReloadAssembly
Native extension for WindowsStandalone target not found
Refreshing native plugins compatible for Editor in 0.32 ms, found 0 plugins.
Preloading 0 native plugins for Editor in 0.00 ms.
Invoked RoslynAnalysisRunner static constructor.
RoslynAnalysisRunner will not be running.
RoslynAnalysisRunner has terminated.
Mono: successfully reloaded assembly
- Completed reload, in  1.856 seconds
Platform modules already initialized, skipping
Refreshing native plugins compatible for Editor in 0.31 ms, found 0 plugins.
Preloading 0 native plugins for Editor in 0.00 ms.
Unloading 1111 Unused Serialized files (Serialized files now loaded: 0)
System memory in use before: 60.5 MB.
System memory in use after: 60.5 MB.

Unloading 5 unused Assets to reduce memory usage. Loaded Objects now: 1610.
Total: 3.622100 ms (FindLiveObjects: 0.326300 ms CreateObjectMapping: 0.116400 ms MarkObjects: 3.080500 ms  DeleteObjects: 0.091300 ms)

========================================================================
Received Prepare
Registering precompiled user dll's ...
Registered in 0.001311 seconds.
Begin MonoManager ReloadAssembly
Native extension for WindowsStandalone target not found
Refreshing native plugins compatible for Editor in 0.36 ms, found 0 plugins.
Preloading 0 native plugins for Editor in 0.00 ms.
Invoked RoslynAnalysisRunner static constructor.
RoslynAnalysisRunner will not be running.
RoslynAnalysisRunner has terminated.
Mono: successfully reloaded assembly
- Completed reload, in  5.573 seconds
Platform modules already initialized, skipping
Refreshing native plugins compatible for Editor in 0.36 ms, found 0 plugins.
Preloading 0 native plugins for Editor in 0.00 ms.
Unloading 1111 Unused Serialized files (Serialized files now loaded: 0)
System memory in use before: 60.5 MB.
System memory in use after: 60.6 MB.

Unloading 5 unused Assets to reduce memory usage. Loaded Objects now: 1613.
Total: 2.763000 ms (FindLiveObjects: 0.241800 ms CreateObjectMapping: 0.078500 ms MarkObjects: 2.371500 ms  DeleteObjects: 0.069300 ms)

========================================================================
Received Prepare
Registering precompiled user dll's ...
Registered in 0.001880 seconds.
Begin MonoManager ReloadAssembly
Native extension for WindowsStandalone target not found
Refreshing native plugins compatible for Editor in 0.41 ms, found 0 plugins.
Preloading 0 native plugins for Editor in 0.00 ms.
Invoked RoslynAnalysisRunner static constructor.
RoslynAnalysisRunner will not be running.
RoslynAnalysisRunner has terminated.
Mono: successfully reloaded assembly
- Completed reload, in  1.652 seconds
Platform modules already initialized, skipping
Refreshing native plugins compatible for Editor in 0.24 ms, found 0 plugins.
Preloading 0 native plugins for Editor in 0.00 ms.
Unloading 1111 Unused Serialized files (Serialized files now loaded: 0)
System memory in use before: 60.5 MB.
System memory in use after: 60.6 MB.

Unloading 5 unused Assets to reduce memory usage. Loaded Objects now: 1616.
Total: 2.727000 ms (FindLiveObjects: 0.169400 ms CreateObjectMapping: 0.051900 ms MarkObjects: 2.396100 ms  DeleteObjects: 0.107900 ms)

========================================================================
Received Prepare
Registering precompiled user dll's ...
Registered in 0.011703 seconds.
Begin MonoManager ReloadAssembly
Native extension for WindowsStandalone target not found
Refreshing native plugins compatible for Editor in 0.35 ms, found 0 plugins.
Preloading 0 native plugins for Editor in 0.00 ms.
Invoked RoslynAnalysisRunner static constructor.
RoslynAnalysisRunner will not be running.
RoslynAnalysisRunner has terminated.
Mono: successfully reloaded assembly
- Completed reload, in  1.786 seconds
Platform modules already initialized, skipping
Refreshing native plugins compatible for Editor in 0.34 ms, found 0 plugins.
Preloading 0 native plugins for Editor in 0.00 ms.
Unloading 1111 Unused Serialized files (Serialized files now loaded: 0)
System memory in use before: 60.5 MB.
System memory in use after: 60.6 MB.

Unloading 5 unused Assets to reduce memory usage. Loaded Objects now: 1619.
Total: 2.024300 ms (FindLiveObjects: 0.162900 ms CreateObjectMapping: 0.038800 ms MarkObjects: 1.756400 ms  DeleteObjects: 0.064000 ms)

========================================================================
Received Import Request.
  Time since last request: 1071.865705 seconds.
  path: Assets/Scripts/NewBehaviourScript.cs
  artifactKey: Guid(d843e89ebe4e12e4eb5d87ad17aef279) Importer(815301076,1909f56bfc062723c751e8b465ee728b)
Start importing Assets/Scripts/NewBehaviourScript.cs using Guid(d843e89ebe4e12e4eb5d87ad17aef279) Importer(815301076,1909f56bfc062723c751e8b465ee728b)  -> (artifact id: '8f3ce41484fec208dc5ace73607767ca') in 0.318824 seconds
  Import took 0.434994 seconds .

========================================================================
Received Prepare
Registering precompiled user dll's ...
Registered in 0.001324 seconds.
Begin MonoManager ReloadAssembly
Native extension for WindowsStandalone target not found
Refreshing native plugins compatible for Editor in 2.13 ms, found 0 plugins.
Preloading 0 native plugins for Editor in 0.00 ms.
Invoked RoslynAnalysisRunner static constructor.
RoslynAnalysisRunner will not be running.
RoslynAnalysisRunner has terminated.
Mono: successfully reloaded assembly
- Completed reload, in 11.168 seconds
Platform modules already initialized, skipping
Refreshing native plugins compatible for Editor in 19.86 ms, found 0 plugins.
Preloading 0 native plugins for Editor in 0.00 ms.
Unloading 1112 Unused Serialized files (Serialized files now loaded: 0)
System memory in use before: 60.5 MB.
System memory in use after: 60.6 MB.

Unloading 5 unused Assets to reduce memory usage. Loaded Objects now: 1623.
Total: 41.696100 ms (FindLiveObjects: 0.240300 ms CreateObjectMapping: 0.101900 ms MarkObjects: 41.289100 ms  DeleteObjects: 0.062700 ms)

========================================================================
Received Import Request.
  Time since last request: 21.361939 seconds.
  path: Assets/Scripts/Rotator.cs
  artifactKey: Guid(d843e89ebe4e12e4eb5d87ad17aef279) Importer(815301076,1909f56bfc062723c751e8b465ee728b)
Start importing Assets/Scripts/Rotator.cs using Guid(d843e89ebe4e12e4eb5d87ad17aef279) Importer(815301076,1909f56bfc062723c751e8b465ee728b)  -> (artifact id: '61deb3cc1fda0b566c87fdf46a404347') in 0.194825 seconds
  Import took 0.213855 seconds .

========================================================================
Received Prepare
Registering precompiled user dll's ...
Registered in 0.000897 seconds.
Begin MonoManager ReloadAssembly
Native extension for WindowsStandalone target not found
Refreshing native plugins compatible for Editor in 0.40 ms, found 0 plugins.
Preloading 0 native plugins for Editor in 0.00 ms.
Invoked RoslynAnalysisRunner static constructor.
RoslynAnalysisRunner will not be running.
RoslynAnalysisRunner has terminated.
Mono: successfully reloaded assembly
- Completed reload, in  9.185 seconds
Platform modules already initialized, skipping
Refreshing native plugins compatible for Editor in 0.37 ms, found 0 plugins.
Preloading 0 native plugins for Editor in 0.00 ms.
Unloading 1112 Unused Serialized files (Serialized files now loaded: 0)
System memory in use before: 60.5 MB.
System memory in use after: 60.6 MB.

Unloading 5 unused Assets to reduce memory usage. Loaded Objects now: 1626.
Total: 10.031800 ms (FindLiveObjects: 7.672900 ms CreateObjectMapping: 0.092800 ms MarkObjects: 2.187400 ms  DeleteObjects: 0.076800 ms)

========================================================================
Received Import Request.
  Time since last request: 50.710384 seconds.
  path: Assets/Scripts/Rotator.cs
  artifactKey: Guid(d843e89ebe4e12e4eb5d87ad17aef279) Importer(815301076,1909f56bfc062723c751e8b465ee728b)
Start importing Assets/Scripts/Rotator.cs using Guid(d843e89ebe4e12e4eb5d87ad17aef279) Importer(815301076,1909f56bfc062723c751e8b465ee728b)  -> (artifact id: 'd3f409d96763553e3be8ba15f8fd4a87') in 0.043268 seconds
  Import took 0.104089 seconds .

========================================================================
Received Import Request.
  Time since last request: 26.367374 seconds.
  path: Assets/Prefabs
  artifactKey: Guid(8d6c5ce93db7a1b41ad10e9db491d76c) Importer(815301076,1909f56bfc062723c751e8b465ee728b)
Start importing Assets/Prefabs using Guid(8d6c5ce93db7a1b41ad10e9db491d76c) Importer(815301076,1909f56bfc062723c751e8b465ee728b)  -> (artifact id: '9e9edcd05fa0ba55336b657d7fc3e4b0') in 0.114165 seconds
  Import took 0.208879 seconds .

========================================================================
Received Import Request.
  Time since last request: 22.575911 seconds.
  path: Assets/Prefabs/Cube.prefab
  artifactKey: Guid(a5e1b6004e113cd4b93466619d07a3d8) Importer(815301076,1909f56bfc062723c751e8b465ee728b)
Start importing Assets/Prefabs/Cube.prefab using Guid(a5e1b6004e113cd4b93466619d07a3d8) Importer(815301076,1909f56bfc062723c751e8b465ee728b)  -> (artifact id: '06848670f52949570981817fca47dd7b') in 0.730931 seconds
  Import took 0.737097 seconds .

========================================================================
Received Prepare
Registering precompiled user dll's ...
Registered in 0.002757 seconds.
Begin MonoManager ReloadAssembly
Native extension for WindowsStandalone target not found
Refreshing native plugins compatible for Editor in 0.43 ms, found 0 plugins.
Preloading 0 native plugins for Editor in 0.00 ms.
Invoked RoslynAnalysisRunner static constructor.
RoslynAnalysisRunner will not be running.
RoslynAnalysisRunner has terminated.
Mono: successfully reloaded assembly
- Completed reload, in  1.655 seconds
Platform modules already initialized, skipping
Refreshing native plugins compatible for Editor in 0.22 ms, found 0 plugins.
Preloading 0 native plugins for Editor in 0.00 ms.
Unloading 1112 Unused Serialized files (Serialized files now loaded: 0)
System memory in use before: 60.6 MB.
System memory in use after: 60.6 MB.

Unloading 6 unused Assets to reduce memory usage. Loaded Objects now: 1631.
Total: 2.505600 ms (FindLiveObjects: 0.327000 ms CreateObjectMapping: 0.058900 ms MarkObjects: 1.984000 ms  DeleteObjects: 0.133000 ms)

========================================================================
Received Import Request.
  Time since last request: 563.949446 seconds.
  path: Assets/Prefabs/Cube 1.prefab
  artifactKey: Guid(7e6113b9b81dc8d46bf0bc67714607e6) Importer(815301076,1909f56bfc062723c751e8b465ee728b)
Start importing Assets/Prefabs/Cube 1.prefab using Guid(7e6113b9b81dc8d46bf0bc67714607e6) Importer(815301076,1909f56bfc062723c751e8b465ee728b)  -> (artifact id: '517bf3909f78db701512973184e5c0d0') in 0.096587 seconds
  Import took 0.099787 seconds .

========================================================================
Received Prepare
Registering precompiled user dll's ...
Registered in 0.000978 seconds.
Begin MonoManager ReloadAssembly
Native extension for WindowsStandalone target not found
Refreshing native plugins compatible for Editor in 0.23 ms, found 0 plugins.
Preloading 0 native plugins for Editor in 0.00 ms.
Invoked RoslynAnalysisRunner static constructor.
RoslynAnalysisRunner will not be running.
RoslynAnalysisRunner has terminated.
Mono: successfully reloaded assembly
- Completed reload, in  1.503 seconds
Platform modules already initialized, skipping
Refreshing native plugins compatible for Editor in 0.25 ms, found 0 plugins.
Preloading 0 native plugins for Editor in 0.00 ms.
Unloading 1112 Unused Serialized files (Serialized files now loaded: 0)
System memory in use before: 60.6 MB.
System memory in use after: 60.6 MB.

Unloading 6 unused Assets to reduce memory usage. Loaded Objects now: 1635.
Total: 4.077600 ms (FindLiveObjects: 0.270200 ms CreateObjectMapping: 0.099500 ms MarkObjects: 3.602300 ms  DeleteObjects: 0.103300 ms)

========================================================================
Received Import Request.
  Time since last request: 124.349252 seconds.
  path: ProjectSettings/TagManager.asset
  artifactKey: Guid(00000000000000003000000000000000) Importer(815301076,1909f56bfc062723c751e8b465ee728b)
Start importing ProjectSettings/TagManager.asset using Guid(00000000000000003000000000000000) Importer(815301076,1909f56bfc062723c751e8b465ee728b)  -> (artifact id: '837c7e046774477854535a87ba86bfce') in 0.089214 seconds
  Import took 0.145560 seconds .

========================================================================
Received Import Request.
  Time since last request: 60.771338 seconds.
  path: Assets/Prefabs/Cube.prefab
  artifactKey: Guid(a5e1b6004e113cd4b93466619d07a3d8) Importer(815301076,1909f56bfc062723c751e8b465ee728b)
Start importing Assets/Prefabs/Cube.prefab using Guid(a5e1b6004e113cd4b93466619d07a3d8) Importer(815301076,1909f56bfc062723c751e8b465ee728b)  -> (artifact id: '3fb6ee5a314f03f9449a3de0fbd032eb') in 0.189486 seconds
  Import took 0.198825 seconds .

========================================================================
Received Prepare
Registering precompiled user dll's ...
Registered in 0.001349 seconds.
Begin MonoManager ReloadAssembly
Native extension for WindowsStandalone target not found
Refreshing native plugins compatible for Editor in 0.37 ms, found 0 plugins.
Preloading 0 native plugins for Editor in 0.00 ms.
Invoked RoslynAnalysisRunner static constructor.
RoslynAnalysisRunner will not be running.
RoslynAnalysisRunner has terminated.
Mono: successfully reloaded assembly
- Completed reload, in  1.689 seconds
Platform modules already initialized, skipping
Refreshing native plugins compatible for Editor in 0.22 ms, found 0 plugins.
Preloading 0 native plugins for Editor in 0.00 ms.
Unloading 1112 Unused Serialized files (Serialized files now loaded: 0)
System memory in use before: 60.6 MB.
System memory in use after: 60.7 MB.

Unloading 7 unused Assets to reduce memory usage. Loaded Objects now: 1639.
Total: 2.937100 ms (FindLiveObjects: 0.244200 ms CreateObjectMapping: 0.079300 ms MarkObjects: 2.533600 ms  DeleteObjects: 0.078200 ms)

========================================================================
Received Prepare
Registering precompiled user dll's ...
Registered in 0.005548 seconds.
Begin MonoManager ReloadAssembly
Native extension for WindowsStandalone target not found
Refreshing native plugins compatible for Editor in 0.22 ms, found 0 plugins.
Preloading 0 native plugins for Editor in 0.00 ms.
Invoked RoslynAnalysisRunner static constructor.
RoslynAnalysisRunner will not be running.
RoslynAnalysisRunner has terminated.
Mono: successfully reloaded assembly
- Completed reload, in  4.304 seconds
Platform modules already initialized, skipping
Refreshing native plugins compatible for Editor in 0.26 ms, found 0 plugins.
Preloading 0 native plugins for Editor in 0.00 ms.
Unloading 1112 Unused Serialized files (Serialized files now loaded: 0)
System memory in use before: 60.6 MB.
System memory in use after: 60.7 MB.

Unloading 5 unused Assets to reduce memory usage. Loaded Objects now: 1642.
Total: 3.474100 ms (FindLiveObjects: 0.318000 ms CreateObjectMapping: 0.093500 ms MarkObjects: 2.985400 ms  DeleteObjects: 0.074000 ms)

========================================================================
Received Import Request.
  Time since last request: 159.605585 seconds.
  path: Assets/Prefabs/Cube.prefab
  artifactKey: Guid(a5e1b6004e113cd4b93466619d07a3d8) Importer(815301076,1909f56bfc062723c751e8b465ee728b)
Start importing Assets/Prefabs/Cube.prefab using Guid(a5e1b6004e113cd4b93466619d07a3d8) Importer(815301076,1909f56bfc062723c751e8b465ee728b)  -> (artifact id: '342cdb7104d063b57b155f27a6b6fbc9') in 0.164681 seconds
  Import took 0.200280 seconds .

========================================================================
Received Prepare
Registering precompiled user dll's ...
Registered in 0.000996 seconds.
Begin MonoManager ReloadAssembly
Native extension for WindowsStandalone target not found
Refreshing native plugins compatible for Editor in 0.31 ms, found 0 plugins.
Preloading 0 native plugins for Editor in 0.00 ms.
Invoked RoslynAnalysisRunner static constructor.
RoslynAnalysisRunner will not be running.
RoslynAnalysisRunner has terminated.
Mono: successfully reloaded assembly
- Completed reload, in  1.129 seconds
Platform modules already initialized, skipping
Refreshing native plugins compatible for Editor in 0.22 ms, found 0 plugins.
Preloading 0 native plugins for Editor in 0.00 ms.
Unloading 1112 Unused Serialized files (Serialized files now loaded: 0)
System memory in use before: 60.6 MB.
System memory in use after: 60.7 MB.

Unloading 6 unused Assets to reduce memory usage. Loaded Objects now: 1646.
Total: 3.068100 ms (FindLiveObjects: 0.287500 ms CreateObjectMapping: 0.114000 ms MarkObjects: 2.575400 ms  DeleteObjects: 0.088500 ms)

========================================================================
Received Import Request.
  Time since last request: 186.038512 seconds.
  path: Assets/Prefabs/Cube.prefab
  artifactKey: Guid(a5e1b6004e113cd4b93466619d07a3d8) Importer(815301076,1909f56bfc062723c751e8b465ee728b)
Start importing Assets/Prefabs/Cube.prefab using Guid(a5e1b6004e113cd4b93466619d07a3d8) Importer(815301076,1909f56bfc062723c751e8b465ee728b)  -> (artifact id: 'e46c99edf09d04351dc941f19282605b') in 0.184314 seconds
  Import took 0.203885 seconds .

========================================================================
Received Prepare
Registering precompiled user dll's ...
Registered in 0.001038 seconds.
Begin MonoManager ReloadAssembly
Native extension for WindowsStandalone target not found
Refreshing native plugins compatible for Editor in 0.24 ms, found 0 plugins.
Preloading 0 native plugins for Editor in 0.00 ms.
Invoked RoslynAnalysisRunner static constructor.
RoslynAnalysisRunner will not be running.
RoslynAnalysisRunner has terminated.
Mono: successfully reloaded assembly
- Completed reload, in  1.108 seconds
Platform modules already initialized, skipping
Refreshing native plugins compatible for Editor in 0.34 ms, found 0 plugins.
Preloading 0 native plugins for Editor in 0.00 ms.
Unloading 1112 Unused Serialized files (Serialized files now loaded: 0)
System memory in use before: 60.6 MB.
System memory in use after: 60.7 MB.

Unloading 6 unused Assets to reduce memory usage. Loaded Objects now: 1650.
Total: 2.473600 ms (FindLiveObjects: 0.348700 ms CreateObjectMapping: 0.081900 ms MarkObjects: 1.947500 ms  DeleteObjects: 0.092100 ms)

========================================================================
Received Import Request.
  Time since last request: 54.257392 seconds.
  path: Assets/Prefabs/Cube.prefab
  artifactKey: Guid(a5e1b6004e113cd4b93466619d07a3d8) Importer(815301076,1909f56bfc062723c751e8b465ee728b)
Start importing Assets/Prefabs/Cube.prefab using Guid(a5e1b6004e113cd4b93466619d07a3d8) Importer(815301076,1909f56bfc062723c751e8b465ee728b)  -> (artifact id: 'eee860d15a4c5ddea3ca8224ddf375d5') in 0.279883 seconds
  Import took 0.286722 seconds .

========================================================================
Received Prepare
Registering precompiled user dll's ...
Registered in 0.000961 seconds.
Begin MonoManager ReloadAssembly
Native extension for WindowsStandalone target not found
Refreshing native plugins compatible for Editor in 0.22 ms, found 0 plugins.
Preloading 0 native plugins for Editor in 0.00 ms.
Invoked RoslynAnalysisRunner static constructor.
RoslynAnalysisRunner will not be running.
RoslynAnalysisRunner has terminated.
Mono: successfully reloaded assembly
- Completed reload, in  0.964 seconds
Platform modules already initialized, skipping
Refreshing native plugins compatible for Editor in 0.23 ms, found 0 plugins.
Preloading 0 native plugins for Editor in 0.00 ms.
Unloading 1112 Unused Serialized files (Serialized files now loaded: 0)
System memory in use before: 60.6 MB.
System memory in use after: 60.7 MB.

Unloading 6 unused Assets to reduce memory usage. Loaded Objects now: 1654.
Total: 2.423200 ms (FindLiveObjects: 0.302500 ms CreateObjectMapping: 0.053700 ms MarkObjects: 1.970400 ms  DeleteObjects: 0.093900 ms)

AssetImportWorkerClient::OnTransportError - code=2 error=End of file
